22:02:10 **** Build of configuration Default for project C_00_HackerRank ****
make all 
gcc -o test test.c
gcc -o 01_HelloWorld 01_HelloWorld.c
gcc -o 02_PlayingWithCharacters 02_PlayingWithCharacters.c
gcc -o 03_PrintingTokens 03_PrintingTokens.c
gcc -o 04_DynamicArrayinCBookShelfProblem 04_DynamicArrayinCBookShelfProblem.c	
cc     05_QueryingTheDocument.c   -o 05_QueryingTheDocument
process_begin: CreateProcess(NULL, cc 05_QueryingTheDocument.c -o 05_QueryingTheDocument, ...) failed.
make (e=2): The system cannot find the file specified.

make: *** [<builtin>: 05_QueryingTheDocument] Error 2
"make all" terminated with exit code 2. Build might be incomplete.
Info: Nothing to build for C_00_CTemplate
22:02:31 **** Incremental Build of configuration Default for project C_00_HackerRank ****
make all 
gcc -o test test.c
gcc -o 01_HelloWorld 01_HelloWorld.c
gcc -o 02_PlayingWithCharacters 02_PlayingWithCharacters.c
gcc -o 03_PrintingTokens 03_PrintingTokens.c
gcc -o 04_DynamicArrayinCBookShelfProblem 04_DynamicArrayinCBookShelfProblem.c	
gcc -o 05_QueryingTheDocument 05_QueryingTheDocument.c
gcc -o 06_PrintingPatternUsingLoops 06_PrintingPatternUsingLoops.c
gcc -o 07_SortingArrayOfStrings 07_SortingArrayOfStrings.c
07_SortingArrayOfStrings.c: In function 'getDistinctChars':
07_SortingArrayOfStrings.c:20:15: warning: initialization discards 'const' qualifier from pointer target type [-Wdiscarded-qualifiers]
     char *ptr=a;
               ^
Info: Nothing to build for C_01_HelloWorld
Info: Nothing to build for C_02_CopyInputToOutput
Info: Nothing to build for C_03_WordCount
Info: Nothing to build for C_04_StringLength
Info: Nothing to build for C_05_LongestInputLine
Info: Nothing to build for C_06_LeapYear
Info: Nothing to build for C_07_StringToInteger
Info: Nothing to build for C_08_ToLowerCase
Info: Nothing to build for C_09_IsDigit
Info: Nothing to build for C_10_RandomNumberGenerator
Info: Nothing to build for C_11_RemoveACharaterFromString
Info: Nothing to build for C_12_StringConcatenation
Info: Nothing to build for C_13_GetNBitsOfNumber
Info: Nothing to build for C_14_CountOneBitsInNumber
Info: Nothing to build for C_15_ConditionExpressionUsage
Info: Nothing to build for C_16_StringToSignInteger
Info: Nothing to build for C_17_ReverseString
Info: Nothing to build for C_18_ConvertNumberToString
Info: Nothing to build for C_19_RemoveTrailingBlanks
Info: Nothing to build for C_20_SearchPatternInString
Info: Nothing to build for C_21_ArrayofPointers
Info: Nothing to build for C_22_PointerToArray
Info: Nothing to build for C_23_TwoDimensionalArray
Info: Nothing to build for C_24_PointerToFunction
Info: Nothing to build for C_25_EchoCommandLineArguments
Info: Nothing to build for C_26_FindCommandLineArguments
Info: Nothing to build for C_27_ArrayAsPointer
Info: Nothing to build for C_28_VoidPointer
Info: Nothing to build for C_29_ArrayofStructures
Info: Nothing to build for C_30_MinPrintf
Info: Nothing to build for C_31_PrintfConversions
Info: Nothing to build for C_32_ScanfConversions
22:02:33 **** Incremental Build of configuration Default for project C_33_MakeFile ****
make all 
gcc -o helloworld hello.c
gcc -o test test.c
Info: Nothing to build for C_00_CTemplate
22:04:56 **** Incremental Build of configuration Default for project C_00_HackerRank ****
make all 
gcc -o test test.c
gcc -o 01_HelloWorld 01_HelloWorld.c
gcc -o 02_PlayingWithCharacters 02_PlayingWithCharacters.c
gcc -o 03_PrintingTokens 03_PrintingTokens.c
gcc -o 04_DynamicArrayinCBookShelfProblem 04_DynamicArrayinCBookShelfProblem.c	
gcc -o 05_QueryingTheDocument 05_QueryingTheDocument.c
gcc -o 06_PrintingPatternUsingLoops 06_PrintingPatternUsingLoops.c
gcc -o 07_SortingArrayOfStrings 07_SortingArrayOfStrings.c
07_SortingArrayOfStrings.c: In function 'getDistinctChars':
07_SortingArrayOfStrings.c:20:15: warning: initialization discards 'const' qualifier from pointer target type [-Wdiscarded-qualifiers]
     char *ptr=a;
               ^
gcc -o 08_PermutationOfStrings 08_PermutationOfStrings.c
Info: Nothing to build for C_01_HelloWorld
Info: Nothing to build for C_02_CopyInputToOutput
Info: Nothing to build for C_03_WordCount
Info: Nothing to build for C_04_StringLength
Info: Nothing to build for C_05_LongestInputLine
Info: Nothing to build for C_06_LeapYear
Info: Nothing to build for C_07_StringToInteger
Info: Nothing to build for C_08_ToLowerCase
Info: Nothing to build for C_09_IsDigit
Info: Nothing to build for C_10_RandomNumberGenerator
Info: Nothing to build for C_11_RemoveACharaterFromString
Info: Nothing to build for C_12_StringConcatenation
Info: Nothing to build for C_13_GetNBitsOfNumber
Info: Nothing to build for C_14_CountOneBitsInNumber
Info: Nothing to build for C_15_ConditionExpressionUsage
Info: Nothing to build for C_16_StringToSignInteger
Info: Nothing to build for C_17_ReverseString
Info: Nothing to build for C_18_ConvertNumberToString
Info: Nothing to build for C_19_RemoveTrailingBlanks
Info: Nothing to build for C_20_SearchPatternInString
Info: Nothing to build for C_21_ArrayofPointers
Info: Nothing to build for C_22_PointerToArray
Info: Nothing to build for C_23_TwoDimensionalArray
Info: Nothing to build for C_24_PointerToFunction
Info: Nothing to build for C_25_EchoCommandLineArguments
Info: Nothing to build for C_26_FindCommandLineArguments
Info: Nothing to build for C_27_ArrayAsPointer
Info: Nothing to build for C_28_VoidPointer
Info: Nothing to build for C_29_ArrayofStructures
Info: Nothing to build for C_30_MinPrintf
Info: Nothing to build for C_31_PrintfConversions
Info: Nothing to build for C_32_ScanfConversions
22:04:59 **** Incremental Build of configuration Default for project C_33_MakeFile ****
make all 
gcc -o helloworld hello.c
gcc -o test test.c
22:05:15 **** Incremental Build of configuration Default for project C_00_HackerRank ****
make all 
gcc -o test test.c
gcc -o 01_HelloWorld 01_HelloWorld.c
gcc -o 02_PlayingWithCharacters 02_PlayingWithCharacters.c
gcc -o 03_PrintingTokens 03_PrintingTokens.c
gcc -o 04_DynamicArrayinCBookShelfProblem 04_DynamicArrayinCBookShelfProblem.c	
gcc -o 05_QueryingTheDocument 05_QueryingTheDocument.c
gcc -o 06_PrintingPatternUsingLoops 06_PrintingPatternUsingLoops.c
gcc -o 07_SortingArrayOfStrings 07_SortingArrayOfStrings.c
07_SortingArrayOfStrings.c: In function 'getDistinctChars':
07_SortingArrayOfStrings.c:20:15: warning: initialization discards 'const' qualifier from pointer target type [-Wdiscarded-qualifiers]
     char *ptr=a;
               ^
gcc -o 08_PermutationOfStrings 08_PermutationOfStrings.c
22:06:41 **** Incremental Build of configuration Default for project C_00_HackerRank ****
make all 
gcc -o test test.c
gcc -o 01_HelloWorld 01_HelloWorld.c
gcc -o 02_PlayingWithCharacters 02_PlayingWithCharacters.c
gcc -o 03_PrintingTokens 03_PrintingTokens.c
gcc -o 04_DynamicArrayinCBookShelfProblem 04_DynamicArrayinCBookShelfProblem.c	
gcc -o 05_QueryingTheDocument 05_QueryingTheDocument.c
gcc -o 06_PrintingPatternUsingLoops 06_PrintingPatternUsingLoops.c
gcc -o 07_SortingArrayOfStrings 07_SortingArrayOfStrings.c
07_SortingArrayOfStrings.c: In function 'getDistinctChars':
07_SortingArrayOfStrings.c:20:15: warning: initialization discards 'const' qualifier from pointer target type [-Wdiscarded-qualifiers]
     char *ptr=a;
               ^
gcc -o 08_PermutationOfStrings 08_PermutationOfStrings.c
